<?xml version="1.0" encoding="UTF-8"?>
<!-- Generated by org.testng.reporters.JUnitReportReporter -->
<testsuite hostname="DESKTOP-U684OA6" failures="0" tests="2" name="ui.BeforeAfterMethod" time="0.007" errors="0" timestamp="2022-11-23T12:21:13 IST" skipped="0">
  <testcase classname="ui.BeforeAfterMethod" name="myTestMethod1" time="0.003"/>
  <system-out/>
  <testcase classname="ui.BeforeAfterMethod" name="myTestMethod2" time="0.004"/>
  <system-out/>
</testsuite> <!-- ui.BeforeAfterMethod -->
