<?xml version="1.0" encoding="UTF-8"?>
<!-- Generated by org.testng.reporters.JUnitReportReporter -->
<testsuite hostname="DESKTOP-U684OA6" failures="0" tests="2" name="ui.Logintest2" time="0.015" errors="0" timestamp="2022-11-09T21:58:01 IST" skipped="0">
  <testcase classname="ui.Logintest2" name="blogouttest" time="0.003"/>
  <system-out/>
  <testcase classname="ui.Logintest2" name="alogintest" time="0.012"/>
  <system-out/>
</testsuite> <!-- ui.Logintest2 -->
