<?xml version="1.0" encoding="UTF-8"?>
<!-- Generated by org.testng.reporters.JUnitReportReporter -->
<testsuite hostname="DESKTOP-U684OA6" failures="0" tests="2" name="ui.BeforeAfterDemo" time="0.019" errors="0" timestamp="2022-11-23T11:30:34 IST" skipped="0">
  <testcase classname="ui.BeforeAfterDemo" name="myTestMethod1" time="0.010"/>
  <system-out/>
  <testcase classname="ui.BeforeAfterDemo" name="myTestMethod2" time="0.009"/>
  <system-out/>
</testsuite> <!-- ui.BeforeAfterDemo -->
