<?xml version="1.0" encoding="UTF-8"?>
<!-- Generated by org.testng.reporters.JUnitReportReporter -->
<testsuite hostname="DESKTOP-U684OA6" failures="0" tests="2" name="ui.LoginTestUsingDataProvider" time="0.004" errors="0" timestamp="2022-11-23T12:20:00 IST" skipped="0">
  <testcase classname="ui.LoginTestUsingDataProvider" name="blogouttest" time="0.002"/>
  <system-out/>
  <testcase classname="ui.LoginTestUsingDataProvider" name="alogintest" time="0.002"/>
  <system-out/>
</testsuite> <!-- ui.LoginTestUsingDataProvider -->
