<?xml version="1.0" encoding="UTF-8"?>
<!-- Generated by org.testng.reporters.JUnitReportReporter -->
<testsuite hostname="DESKTOP-U684OA6" failures="0" tests="4" name="ui.GroupTest" time="0.011" errors="0" timestamp="2022-11-23T12:20:00 IST" skipped="0">
  <testcase classname="ui.GroupTest" name="Test3" time="0.003"/>
  <system-out/>
  <testcase classname="ui.GroupTest" name="Test2" time="0.001"/>
  <system-out/>
  <testcase classname="ui.GroupTest" name="Test1" time="0.005"/>
  <system-out/>
  <testcase classname="ui.GroupTest" name="Test4" time="0.002"/>
  <system-out/>
</testsuite> <!-- ui.GroupTest -->
