<?xml version="1.0" encoding="UTF-8"?>
<!-- Generated by org.testng.reporters.JUnitReportReporter -->
<testsuite hostname="DESKTOP-U684OA6" failures="0" tests="3" name="ui.SkipTest" time="0.004" errors="0" timestamp="2022-11-23T12:20:00 IST" skipped="3">
  <testcase classname="ui.SkipTest" name="skiptest2" time="0.002">
    <skipped/>
  </testcase> <!-- skiptest2 -->
  <system-out/>
  <testcase classname="ui.SkipTest" name="skiptest3" time="0.002">
    <skipped/>
  </testcase> <!-- skiptest3 -->
  <system-out/>
  <testcase classname="ui.SkipTest" name="skiptest1">
    <skipped/>
  </testcase> <!-- skiptest1 -->
  <system-out/>
</testsuite> <!-- ui.SkipTest -->
