<?xml version="1.0" encoding="UTF-8"?>
<!-- Generated by org.testng.reporters.JUnitReportReporter -->
<testsuite hostname="DESKTOP-U684OA6" failures="0" tests="2" name="ui.SeleniumAbstractTest" time="0.015" errors="0" timestamp="2022-11-10T10:19:56 IST" skipped="0">
  <testcase classname="ui.SeleniumAbstractTest" name="myTestMethod2" time="0.008"/>
  <system-out/>
  <testcase classname="ui.SeleniumAbstractTest" name="myTestMethod1" time="0.007"/>
  <system-out/>
</testsuite> <!-- ui.SeleniumAbstractTest -->
