<?xml version="1.0" encoding="UTF-8"?>
<!-- Generated by org.testng.reporters.JUnitReportReporter -->
<testsuite hostname="DESKTOP-U684OA6" failures="0" tests="2" name="ui.BeforeAfterTest" time="0.005" errors="0" timestamp="2022-11-23T12:21:13 IST" skipped="0">
  <testcase classname="ui.BeforeAfterTest" name="myTestMethod1" time="0.004"/>
  <system-out/>
  <testcase classname="ui.BeforeAfterTest" name="myTestMethod2" time="0.001"/>
  <system-out/>
</testsuite> <!-- ui.BeforeAfterTest -->
